mode: set
github.com/kidandcat/colmena/backup.go:56.40,57.25 1 1
github.com/kidandcat/colmena/backup.go:57.25,59.3 1 1
github.com/kidandcat/colmena/backup.go:60.2,60.29 1 1
github.com/kidandcat/colmena/backup.go:60.29,62.3 1 1
github.com/kidandcat/colmena/backup.go:79.70,88.2 2 1
github.com/kidandcat/colmena/backup.go:91.39,93.80 1 1
github.com/kidandcat/colmena/backup.go:93.80,95.3 1 0
github.com/kidandcat/colmena/backup.go:98.2,98.41 1 1
github.com/kidandcat/colmena/backup.go:98.41,100.3 1 0
github.com/kidandcat/colmena/backup.go:102.2,103.12 2 1
github.com/kidandcat/colmena/backup.go:106.31,115.6 6 1
github.com/kidandcat/colmena/backup.go:115.6,116.10 1 1
github.com/kidandcat/colmena/backup.go:117.23,118.38 1 1
github.com/kidandcat/colmena/backup.go:118.38,120.5 1 0
github.com/kidandcat/colmena/backup.go:121.23,122.43 1 1
github.com/kidandcat/colmena/backup.go:122.43,124.5 1 0
github.com/kidandcat/colmena/backup.go:125.19,127.38 1 1
github.com/kidandcat/colmena/backup.go:127.38,129.5 1 0
github.com/kidandcat/colmena/backup.go:130.4,130.10 1 1
github.com/kidandcat/colmena/backup.go:137.32,138.23 1 1
github.com/kidandcat/colmena/backup.go:138.23,140.3 1 1
github.com/kidandcat/colmena/backup.go:141.2,141.12 1 1
github.com/kidandcat/colmena/backup.go:146.46,158.16 6 1
github.com/kidandcat/colmena/backup.go:158.16,160.3 1 0
github.com/kidandcat/colmena/backup.go:161.2,165.16 3 1
github.com/kidandcat/colmena/backup.go:165.16,167.3 1 0
github.com/kidandcat/colmena/backup.go:168.2,171.16 3 1
github.com/kidandcat/colmena/backup.go:171.16,173.3 1 0
github.com/kidandcat/colmena/backup.go:175.2,175.88 1 1
github.com/kidandcat/colmena/backup.go:175.88,177.3 1 0
github.com/kidandcat/colmena/backup.go:180.2,180.49 1 1
github.com/kidandcat/colmena/backup.go:180.49,183.3 1 0
github.com/kidandcat/colmena/backup.go:186.2,189.82 2 1
github.com/kidandcat/colmena/backup.go:189.82,191.3 1 0
github.com/kidandcat/colmena/backup.go:193.2,193.12 1 1
github.com/kidandcat/colmena/backup.go:197.41,201.24 3 1
github.com/kidandcat/colmena/backup.go:201.24,203.3 1 1
github.com/kidandcat/colmena/backup.go:205.2,206.33 2 1
github.com/kidandcat/colmena/backup.go:209.70,213.16 3 1
github.com/kidandcat/colmena/backup.go:213.16,214.25 1 1
github.com/kidandcat/colmena/backup.go:214.25,216.4 1 1
github.com/kidandcat/colmena/backup.go:217.3,217.41 1 0
github.com/kidandcat/colmena/backup.go:219.2,222.16 3 1
github.com/kidandcat/colmena/backup.go:222.16,224.3 1 0
github.com/kidandcat/colmena/backup.go:226.2,226.22 1 1
github.com/kidandcat/colmena/backup.go:226.22,228.3 1 1
github.com/kidandcat/colmena/backup.go:230.2,230.68 1 1
github.com/kidandcat/colmena/backup.go:238.80,239.51 1 1
github.com/kidandcat/colmena/backup.go:239.51,241.3 1 0
github.com/kidandcat/colmena/backup.go:244.2,245.16 2 1
github.com/kidandcat/colmena/backup.go:245.16,247.3 1 0
github.com/kidandcat/colmena/backup.go:248.2,248.27 1 1
github.com/kidandcat/colmena/backup.go:248.27,250.3 1 1
github.com/kidandcat/colmena/backup.go:252.2,263.16 8 1
github.com/kidandcat/colmena/backup.go:263.16,265.3 1 0
github.com/kidandcat/colmena/backup.go:266.2,269.16 3 1
github.com/kidandcat/colmena/backup.go:269.16,271.3 1 0
github.com/kidandcat/colmena/backup.go:272.2,272.55 1 1
github.com/kidandcat/colmena/backup.go:272.55,275.3 2 0
github.com/kidandcat/colmena/backup.go:276.2,280.16 3 1
github.com/kidandcat/colmena/backup.go:280.16,284.3 2 1
github.com/kidandcat/colmena/backup.go:285.2,288.16 3 1
github.com/kidandcat/colmena/backup.go:288.16,290.3 1 0
github.com/kidandcat/colmena/backup.go:291.2,291.55 1 1
github.com/kidandcat/colmena/backup.go:291.55,294.3 2 0
github.com/kidandcat/colmena/backup.go:295.2,297.12 2 1
github.com/kidandcat/colmena/backup.go:300.26,304.2 3 1
github.com/kidandcat/colmena/backup_local.go:20.57,21.47 1 1
github.com/kidandcat/colmena/backup_local.go:21.47,23.3 1 0
github.com/kidandcat/colmena/backup_local.go:24.2,24.37 1 1
github.com/kidandcat/colmena/backup_local.go:27.64,29.2 1 1
github.com/kidandcat/colmena/backup_local.go:31.109,33.50 2 1
github.com/kidandcat/colmena/backup_local.go:33.50,35.3 1 0
github.com/kidandcat/colmena/backup_local.go:38.2,40.16 3 1
github.com/kidandcat/colmena/backup_local.go:40.16,42.3 1 0
github.com/kidandcat/colmena/backup_local.go:43.2,43.41 1 1
github.com/kidandcat/colmena/backup_local.go:43.41,46.3 2 0
github.com/kidandcat/colmena/backup_local.go:47.2,47.34 1 1
github.com/kidandcat/colmena/backup_local.go:47.34,49.3 1 0
github.com/kidandcat/colmena/backup_local.go:52.2,57.16 3 1
github.com/kidandcat/colmena/backup_local.go:57.16,59.3 1 0
github.com/kidandcat/colmena/backup_local.go:60.2,60.73 1 1
github.com/kidandcat/colmena/backup_local.go:63.104,65.50 2 1
github.com/kidandcat/colmena/backup_local.go:65.50,67.3 1 0
github.com/kidandcat/colmena/backup_local.go:70.2,72.16 3 1
github.com/kidandcat/colmena/backup_local.go:72.16,74.3 1 0
github.com/kidandcat/colmena/backup_local.go:75.2,75.41 1 1
github.com/kidandcat/colmena/backup_local.go:75.41,78.3 2 0
github.com/kidandcat/colmena/backup_local.go:79.2,79.18 1 1
github.com/kidandcat/colmena/backup_local.go:82.79,84.16 2 1
github.com/kidandcat/colmena/backup_local.go:84.16,85.25 1 0
github.com/kidandcat/colmena/backup_local.go:85.25,87.4 1 0
github.com/kidandcat/colmena/backup_local.go:88.3,88.18 1 0
github.com/kidandcat/colmena/backup_local.go:91.2,92.32 2 1
github.com/kidandcat/colmena/backup_local.go:92.32,93.21 1 1
github.com/kidandcat/colmena/backup_local.go:93.21,94.12 1 0
github.com/kidandcat/colmena/backup_local.go:96.3,98.17 3 1
github.com/kidandcat/colmena/backup_local.go:98.17,99.12 1 0
github.com/kidandcat/colmena/backup_local.go:101.3,102.56 2 1
github.com/kidandcat/colmena/backup_local.go:102.56,103.12 1 0
github.com/kidandcat/colmena/backup_local.go:105.3,105.27 1 1
github.com/kidandcat/colmena/backup_local.go:109.2,109.39 1 1
github.com/kidandcat/colmena/backup_local.go:109.39,111.3 1 1
github.com/kidandcat/colmena/backup_local.go:112.2,112.18 1 1
github.com/kidandcat/colmena/backup_local.go:115.100,118.2 2 1
github.com/kidandcat/colmena/backup_local.go:120.95,123.2 2 1
github.com/kidandcat/colmena/backup_local.go:125.38,127.2 1 1
github.com/kidandcat/colmena/command.go:43.51,45.16 2 1
github.com/kidandcat/colmena/command.go:45.16,47.3 1 0
github.com/kidandcat/colmena/command.go:48.2,48.18 1 1
github.com/kidandcat/colmena/command.go:51.54,53.51 2 1
github.com/kidandcat/colmena/command.go:53.51,55.3 1 1
github.com/kidandcat/colmena/command.go:56.2,56.18 1 1
github.com/kidandcat/colmena/config.go:74.35,75.20 1 1
github.com/kidandcat/colmena/config.go:75.20,77.3 1 1
github.com/kidandcat/colmena/config.go:78.2,78.21 1 1
github.com/kidandcat/colmena/config.go:78.21,80.3 1 1
github.com/kidandcat/colmena/config.go:81.2,81.18 1 1
github.com/kidandcat/colmena/config.go:81.18,83.3 1 1
github.com/kidandcat/colmena/config.go:84.2,84.56 1 1
github.com/kidandcat/colmena/config.go:84.56,86.3 1 1
github.com/kidandcat/colmena/config.go:87.2,87.36 1 1
github.com/kidandcat/colmena/config.go:87.36,89.3 1 1
github.com/kidandcat/colmena/config.go:90.2,90.38 1 1
github.com/kidandcat/colmena/config.go:90.38,92.3 1 1
github.com/kidandcat/colmena/config.go:93.2,93.12 1 1
github.com/kidandcat/colmena/config.go:96.34,97.24 1 1
github.com/kidandcat/colmena/config.go:97.24,99.3 1 1
github.com/kidandcat/colmena/config.go:100.2,100.29 1 1
github.com/kidandcat/colmena/config.go:100.29,102.3 1 1
github.com/kidandcat/colmena/config.go:103.2,103.28 1 1
github.com/kidandcat/colmena/config.go:103.28,105.3 1 1
github.com/kidandcat/colmena/config.go:106.2,106.29 1 1
github.com/kidandcat/colmena/config.go:106.29,108.3 1 1
github.com/kidandcat/colmena/config.go:109.2,109.30 1 1
github.com/kidandcat/colmena/config.go:109.30,111.3 1 1
github.com/kidandcat/colmena/config.go:112.2,112.25 1 1
github.com/kidandcat/colmena/config.go:112.25,114.3 1 1
github.com/kidandcat/colmena/config.go:115.2,115.20 1 1
github.com/kidandcat/colmena/config.go:115.20,117.3 1 1
github.com/kidandcat/colmena/config.go:118.2,118.28 1 1
github.com/kidandcat/colmena/config.go:118.28,120.3 1 1
github.com/kidandcat/colmena/config.go:121.2,121.23 1 1
github.com/kidandcat/colmena/config.go:121.23,123.3 1 1
github.com/kidandcat/colmena/config.go:124.2,124.24 1 1
github.com/kidandcat/colmena/config.go:124.24,126.3 1 1
github.com/kidandcat/colmena/consistency.go:44.83,46.2 1 1
github.com/kidandcat/colmena/consistency.go:48.98,49.63 1 1
github.com/kidandcat/colmena/consistency.go:49.63,51.3 1 1
github.com/kidandcat/colmena/consistency.go:52.2,52.21 1 1
github.com/kidandcat/colmena/driver.go:20.78,22.2 1 1
github.com/kidandcat/colmena/driver.go:24.51,24.78 1 1
github.com/kidandcat/colmena/driver.go:28.64,30.2 1 1
github.com/kidandcat/colmena/driver.go:40.66,42.2 1 1
github.com/kidandcat/colmena/driver.go:44.37,44.68 2 1
github.com/kidandcat/colmena/driver.go:46.50,48.2 1 1
github.com/kidandcat/colmena/driver.go:50.94,51.19 1 1
github.com/kidandcat/colmena/driver.go:51.19,53.3 1 1
github.com/kidandcat/colmena/driver.go:54.2,56.16 3 1
github.com/kidandcat/colmena/driver.go:59.119,62.23 2 1
github.com/kidandcat/colmena/driver.go:62.23,67.3 4 1
github.com/kidandcat/colmena/driver.go:69.2,75.16 3 1
github.com/kidandcat/colmena/driver.go:75.16,77.3 1 0
github.com/kidandcat/colmena/driver.go:78.2,78.30 1 1
github.com/kidandcat/colmena/driver.go:78.30,80.3 1 0
github.com/kidandcat/colmena/driver.go:81.2,81.47 1 1
github.com/kidandcat/colmena/driver.go:84.118,88.21 3 1
github.com/kidandcat/colmena/driver.go:89.23,90.36 1 1
github.com/kidandcat/colmena/driver.go:91.23,92.24 1 1
github.com/kidandcat/colmena/driver.go:92.24,94.4 1 1
github.com/kidandcat/colmena/driver.go:95.3,95.37 1 1
github.com/kidandcat/colmena/driver.go:96.25,97.24 1 1
github.com/kidandcat/colmena/driver.go:97.24,98.48 1 1
github.com/kidandcat/colmena/driver.go:98.48,100.5 1 0
github.com/kidandcat/colmena/driver.go:101.4,101.37 1 1
github.com/kidandcat/colmena/driver.go:103.3,103.37 1 1
github.com/kidandcat/colmena/driver.go:104.10,105.36 1 1
github.com/kidandcat/colmena/driver.go:109.81,111.16 2 1
github.com/kidandcat/colmena/driver.go:111.16,113.3 1 0
github.com/kidandcat/colmena/driver.go:114.2,115.16 2 1
github.com/kidandcat/colmena/driver.go:115.16,117.3 1 0
github.com/kidandcat/colmena/driver.go:118.2,118.29 1 1
github.com/kidandcat/colmena/driver.go:121.82,123.16 2 1
github.com/kidandcat/colmena/driver.go:123.16,125.3 1 0
github.com/kidandcat/colmena/driver.go:126.2,126.62 1 1
github.com/kidandcat/colmena/driver.go:138.37,141.13 3 1
github.com/kidandcat/colmena/driver.go:141.13,143.3 1 0
github.com/kidandcat/colmena/driver.go:144.2,146.24 3 1
github.com/kidandcat/colmena/driver.go:146.24,148.3 1 1
github.com/kidandcat/colmena/driver.go:149.2,151.12 3 1
github.com/kidandcat/colmena/driver.go:154.39,157.13 3 1
github.com/kidandcat/colmena/driver.go:157.13,159.3 1 0
github.com/kidandcat/colmena/driver.go:160.2,163.12 4 1
github.com/kidandcat/colmena/driver.go:173.38,173.52 1 1
github.com/kidandcat/colmena/driver.go:174.38,174.51 1 1
github.com/kidandcat/colmena/driver.go:176.72,178.2 1 1
github.com/kidandcat/colmena/driver.go:180.71,182.2 1 1
github.com/kidandcat/colmena/driver.go:188.52,188.84 1 1
github.com/kidandcat/colmena/driver.go:189.52,189.84 1 1
github.com/kidandcat/colmena/driver.go:198.59,200.16 2 1
github.com/kidandcat/colmena/driver.go:200.16,203.3 2 0
github.com/kidandcat/colmena/driver.go:204.2,204.53 1 1
github.com/kidandcat/colmena/driver.go:207.42,207.59 1 1
github.com/kidandcat/colmena/driver.go:208.42,208.70 1 1
github.com/kidandcat/colmena/driver.go:210.55,211.23 1 1
github.com/kidandcat/colmena/driver.go:211.23,212.41 1 1
github.com/kidandcat/colmena/driver.go:212.41,214.4 1 0
github.com/kidandcat/colmena/driver.go:215.3,215.16 1 1
github.com/kidandcat/colmena/driver.go:217.2,219.25 3 1
github.com/kidandcat/colmena/driver.go:219.25,221.3 1 1
github.com/kidandcat/colmena/driver.go:222.2,222.52 1 1
github.com/kidandcat/colmena/driver.go:222.52,224.3 1 0
github.com/kidandcat/colmena/driver.go:225.2,225.28 1 1
github.com/kidandcat/colmena/driver.go:225.28,227.3 1 1
github.com/kidandcat/colmena/driver.go:228.2,228.12 1 1
github.com/kidandcat/colmena/driver.go:237.38,237.58 1 1
github.com/kidandcat/colmena/driver.go:238.38,238.52 1 1
github.com/kidandcat/colmena/driver.go:240.51,241.26 1 1
github.com/kidandcat/colmena/driver.go:241.26,243.3 1 1
github.com/kidandcat/colmena/driver.go:244.2,246.26 3 1
github.com/kidandcat/colmena/driver.go:246.26,250.3 3 1
github.com/kidandcat/colmena/driver.go:251.2,251.12 1 1
github.com/kidandcat/colmena/driver.go:256.49,258.25 2 1
github.com/kidandcat/colmena/driver.go:258.25,260.3 1 1
github.com/kidandcat/colmena/driver.go:261.2,261.15 1 1
github.com/kidandcat/colmena/driver.go:264.61,266.25 2 1
github.com/kidandcat/colmena/driver.go:266.25,268.3 1 1
github.com/kidandcat/colmena/driver.go:269.2,269.14 1 1
github.com/kidandcat/colmena/fsm.go:20.46,22.16 2 1
github.com/kidandcat/colmena/fsm.go:22.16,25.3 2 1
github.com/kidandcat/colmena/fsm.go:27.2,28.18 2 1
github.com/kidandcat/colmena/fsm.go:28.18,30.3 1 1
github.com/kidandcat/colmena/fsm.go:32.2,33.16 2 1
github.com/kidandcat/colmena/fsm.go:33.16,35.3 1 0
github.com/kidandcat/colmena/fsm.go:37.2,39.18 2 1
github.com/kidandcat/colmena/fsm.go:40.22,41.31 1 1
github.com/kidandcat/colmena/fsm.go:41.31,43.4 1 1
github.com/kidandcat/colmena/fsm.go:44.3,45.17 2 1
github.com/kidandcat/colmena/fsm.go:45.17,47.4 1 1
github.com/kidandcat/colmena/fsm.go:48.3,48.60 1 1
github.com/kidandcat/colmena/fsm.go:50.27,52.17 2 1
github.com/kidandcat/colmena/fsm.go:52.17,54.4 1 1
github.com/kidandcat/colmena/fsm.go:55.3,55.47 1 1
github.com/kidandcat/colmena/fsm.go:57.10,58.80 1 1
github.com/kidandcat/colmena/fsm.go:62.2,62.49 1 1
github.com/kidandcat/colmena/fsm.go:62.49,64.3 1 1
github.com/kidandcat/colmena/fsm.go:66.2,66.20 1 1
github.com/kidandcat/colmena/fsm.go:70.52,72.2 1 1
github.com/kidandcat/colmena/fsm.go:75.47,78.2 2 1
github.com/kidandcat/colmena/fsm.go:85.61,86.48 1 1
github.com/kidandcat/colmena/fsm.go:86.48,89.3 2 0
github.com/kidandcat/colmena/fsm.go:90.2,90.21 1 1
github.com/kidandcat/colmena/fsm.go:93.34,93.35 0 1
github.com/kidandcat/colmena/node.go:45.37,47.39 2 1
github.com/kidandcat/colmena/node.go:47.39,49.3 1 1
github.com/kidandcat/colmena/node.go:50.2,50.55 1 1
github.com/kidandcat/colmena/node.go:50.55,52.3 1 0
github.com/kidandcat/colmena/node.go:54.2,67.16 12 1
github.com/kidandcat/colmena/node.go:67.16,70.3 2 0
github.com/kidandcat/colmena/node.go:71.2,72.16 2 1
github.com/kidandcat/colmena/node.go:72.16,75.3 2 0
github.com/kidandcat/colmena/node.go:77.2,78.16 2 1
github.com/kidandcat/colmena/node.go:78.16,81.3 2 0
github.com/kidandcat/colmena/node.go:83.2,84.16 2 1
github.com/kidandcat/colmena/node.go:84.16,87.3 2 0
github.com/kidandcat/colmena/node.go:89.2,90.16 2 1
github.com/kidandcat/colmena/node.go:90.16,93.3 2 0
github.com/kidandcat/colmena/node.go:95.2,104.19 2 1
github.com/kidandcat/colmena/node.go:104.19,112.68 3 1
github.com/kidandcat/colmena/node.go:112.68,115.4 2 0
github.com/kidandcat/colmena/node.go:118.2,118.40 1 1
github.com/kidandcat/colmena/node.go:118.40,121.3 2 0
github.com/kidandcat/colmena/node.go:123.2,123.23 1 1
github.com/kidandcat/colmena/node.go:123.23,124.37 1 1
github.com/kidandcat/colmena/node.go:124.37,127.4 2 0
github.com/kidandcat/colmena/node.go:130.2,130.52 1 1
github.com/kidandcat/colmena/node.go:130.52,132.17 2 1
github.com/kidandcat/colmena/node.go:132.17,135.4 2 0
github.com/kidandcat/colmena/node.go:136.3,137.36 2 1
github.com/kidandcat/colmena/node.go:137.36,140.4 2 0
github.com/kidandcat/colmena/node.go:141.3,141.19 1 1
github.com/kidandcat/colmena/node.go:144.2,144.18 1 1
github.com/kidandcat/colmena/node.go:148.29,150.2 1 1
github.com/kidandcat/colmena/node.go:154.74,157.31 3 1
github.com/kidandcat/colmena/node.go:157.31,159.3 1 1
github.com/kidandcat/colmena/node.go:160.2,162.11 3 1
github.com/kidandcat/colmena/node.go:165.43,165.83 1 1
github.com/kidandcat/colmena/node.go:166.44,166.97 2 1
github.com/kidandcat/colmena/node.go:167.44,167.70 1 1
github.com/kidandcat/colmena/node.go:168.44,168.69 1 1
github.com/kidandcat/colmena/node.go:171.30,173.14 2 1
github.com/kidandcat/colmena/node.go:173.14,173.49 2 1
github.com/kidandcat/colmena/node.go:174.2,178.21 4 1
github.com/kidandcat/colmena/node.go:178.21,178.40 1 1
github.com/kidandcat/colmena/node.go:180.2,181.27 2 1
github.com/kidandcat/colmena/node.go:181.27,182.55 1 1
github.com/kidandcat/colmena/node.go:182.55,182.73 1 0
github.com/kidandcat/colmena/node.go:184.2,186.26 2 1
github.com/kidandcat/colmena/node.go:186.26,186.51 1 1
github.com/kidandcat/colmena/node.go:187.2,188.33 2 1
github.com/kidandcat/colmena/node.go:188.33,188.46 1 1
github.com/kidandcat/colmena/node.go:189.2,191.19 2 1
github.com/kidandcat/colmena/node.go:191.19,192.70 1 1
github.com/kidandcat/colmena/node.go:192.70,192.88 1 0
github.com/kidandcat/colmena/node.go:194.2,194.21 1 1
github.com/kidandcat/colmena/node.go:194.21,195.61 1 1
github.com/kidandcat/colmena/node.go:195.61,195.79 1 0
github.com/kidandcat/colmena/node.go:197.2,197.17 1 1
github.com/kidandcat/colmena/node.go:200.60,202.16 2 1
github.com/kidandcat/colmena/node.go:202.16,202.35 1 0
github.com/kidandcat/colmena/node.go:203.2,203.35 1 1
github.com/kidandcat/colmena/node.go:203.35,203.63 1 1
github.com/kidandcat/colmena/node.go:204.2,204.31 1 1
github.com/kidandcat/colmena/node.go:207.61,209.39 2 1
github.com/kidandcat/colmena/node.go:209.39,211.3 1 0
github.com/kidandcat/colmena/node.go:212.2,213.9 2 1
github.com/kidandcat/colmena/node.go:213.9,213.78 1 0
github.com/kidandcat/colmena/node.go:214.2,214.22 1 1
github.com/kidandcat/colmena/node.go:214.22,214.60 1 1
github.com/kidandcat/colmena/node.go:215.2,215.18 1 1
github.com/kidandcat/colmena/node.go:218.37,218.77 1 1
github.com/kidandcat/colmena/node.go:220.66,222.22 2 1
github.com/kidandcat/colmena/node.go:222.22,222.50 1 0
github.com/kidandcat/colmena/node.go:223.2,224.16 2 1
github.com/kidandcat/colmena/node.go:224.16,224.81 1 0
github.com/kidandcat/colmena/node.go:225.2,227.67 3 1
github.com/kidandcat/colmena/node.go:227.67,229.3 1 0
github.com/kidandcat/colmena/node.go:230.2,230.22 1 1
github.com/kidandcat/colmena/node.go:230.22,230.60 1 1
github.com/kidandcat/colmena/node.go:231.2,231.49 1 1
github.com/kidandcat/colmena/node.go:234.91,236.22 2 1
github.com/kidandcat/colmena/node.go:236.22,236.50 1 0
github.com/kidandcat/colmena/node.go:237.2,238.16 2 1
github.com/kidandcat/colmena/node.go:238.16,238.81 1 0
github.com/kidandcat/colmena/node.go:239.2,243.65 5 1
github.com/kidandcat/colmena/node.go:243.65,245.3 1 0
github.com/kidandcat/colmena/node.go:246.2,246.22 1 1
github.com/kidandcat/colmena/node.go:246.22,246.60 1 0
github.com/kidandcat/colmena/node.go:247.2,247.19 1 1
github.com/kidandcat/colmena/node.go:250.59,254.6 4 1
github.com/kidandcat/colmena/node.go:254.6,255.10 1 1
github.com/kidandcat/colmena/node.go:256.19,257.60 1 0
github.com/kidandcat/colmena/node.go:258.19,259.52 1 1
github.com/kidandcat/colmena/node.go:259.52,259.66 1 1
github.com/kidandcat/colmena/node.go:265.67,268.16 3 1
github.com/kidandcat/colmena/node.go:268.16,268.35 1 1
github.com/kidandcat/colmena/node.go:269.2,269.28 1 1
github.com/kidandcat/colmena/node.go:272.47,274.34 2 1
github.com/kidandcat/colmena/node.go:274.34,274.53 1 0
github.com/kidandcat/colmena/node.go:275.2,275.39 1 1
github.com/kidandcat/colmena/node.go:278.48,280.2 1 1
github.com/kidandcat/colmena/node.go:288.86,289.40 1 1
github.com/kidandcat/colmena/node.go:289.40,289.85 2 1
github.com/kidandcat/colmena/node.go:290.2,291.16 2 1
github.com/kidandcat/colmena/node.go:291.16,291.56 2 1
github.com/kidandcat/colmena/node.go:292.2,293.12 2 1
github.com/kidandcat/colmena/node.go:296.80,298.18 2 1
github.com/kidandcat/colmena/node.go:298.18,298.40 1 1
github.com/kidandcat/colmena/node.go:299.2,300.16 2 1
github.com/kidandcat/colmena/node.go:300.16,300.56 2 0
github.com/kidandcat/colmena/node.go:301.2,302.16 2 1
github.com/kidandcat/colmena/node.go:302.16,302.56 2 1
github.com/kidandcat/colmena/node.go:303.2,305.16 3 1
github.com/kidandcat/colmena/node.go:305.16,305.56 2 0
github.com/kidandcat/colmena/node.go:306.2,307.18 2 1
github.com/kidandcat/colmena/node.go:307.18,310.25 3 1
github.com/kidandcat/colmena/node.go:310.25,310.49 1 1
github.com/kidandcat/colmena/node.go:311.3,311.44 1 1
github.com/kidandcat/colmena/node.go:311.44,311.84 2 0
github.com/kidandcat/colmena/node.go:312.3,313.28 2 1
github.com/kidandcat/colmena/node.go:313.28,313.71 2 1
github.com/kidandcat/colmena/node.go:314.3,314.41 1 1
github.com/kidandcat/colmena/node.go:316.2,316.35 1 1
github.com/kidandcat/colmena/node.go:316.35,316.63 1 0
github.com/kidandcat/colmena/node.go:317.2,317.12 1 1
github.com/kidandcat/colmena/node.go:320.77,321.40 1 1
github.com/kidandcat/colmena/node.go:321.40,326.3 4 1
github.com/kidandcat/colmena/node.go:327.2,328.34 2 1
github.com/kidandcat/colmena/node.go:328.34,328.62 1 0
github.com/kidandcat/colmena/node.go:329.2,329.12 1 1
github.com/kidandcat/colmena/node.go:332.29,333.37 1 1
github.com/kidandcat/colmena/node.go:333.37,335.17 2 1
github.com/kidandcat/colmena/node.go:335.17,335.90 2 0
github.com/kidandcat/colmena/node.go:336.3,338.65 3 1
github.com/kidandcat/colmena/node.go:338.65,338.136 2 0
github.com/kidandcat/colmena/node.go:339.3,339.23 1 1
github.com/kidandcat/colmena/node.go:339.23,340.29 1 0
github.com/kidandcat/colmena/node.go:340.29,341.63 1 0
github.com/kidandcat/colmena/node.go:341.63,343.80 2 0
github.com/kidandcat/colmena/node.go:343.80,343.94 1 0
github.com/kidandcat/colmena/node.go:346.4,346.70 2 0
github.com/kidandcat/colmena/node.go:348.3,348.13 1 1
github.com/kidandcat/colmena/node.go:350.2,350.70 1 0
github.com/kidandcat/colmena/node.go:353.63,356.37 3 1
github.com/kidandcat/colmena/node.go:356.37,356.54 1 1
github.com/kidandcat/colmena/node.go:357.2,358.16 2 1
github.com/kidandcat/colmena/node.go:358.16,358.35 1 0
github.com/kidandcat/colmena/node.go:359.2,360.16 2 1
github.com/kidandcat/colmena/node.go:360.16,360.84 1 0
github.com/kidandcat/colmena/node.go:361.2,362.15 2 1
github.com/kidandcat/colmena/node.go:365.33,367.16 2 1
github.com/kidandcat/colmena/node.go:367.16,367.30 1 0
github.com/kidandcat/colmena/node.go:368.2,369.82 2 1
github.com/kidandcat/colmena/node.go:369.82,371.3 1 0
github.com/kidandcat/colmena/node.go:372.2,373.16 2 1
github.com/kidandcat/colmena/node.go:373.16,373.84 1 0
github.com/kidandcat/colmena/node.go:374.2,375.12 2 1
github.com/kidandcat/colmena/node.go:375.12,376.7 1 1
github.com/kidandcat/colmena/node.go:376.7,376.49 2 1
github.com/kidandcat/colmena/node.go:376.49,376.59 1 1
github.com/kidandcat/colmena/node.go:376.61,376.91 1 1
github.com/kidandcat/colmena/node.go:378.2,378.12 1 1
github.com/kidandcat/colmena/node.go:381.51,383.16 2 1
github.com/kidandcat/colmena/node.go:383.16,383.86 1 0
github.com/kidandcat/colmena/node.go:384.2,386.48 3 1
github.com/kidandcat/colmena/store.go:28.62,30.2 1 1
github.com/kidandcat/colmena/store.go:32.63,37.16 3 1
github.com/kidandcat/colmena/store.go:37.16,39.3 1 0
github.com/kidandcat/colmena/store.go:40.2,44.82 3 1
github.com/kidandcat/colmena/store.go:44.82,47.3 2 0
github.com/kidandcat/colmena/store.go:48.2,48.26 1 1
github.com/kidandcat/colmena/store.go:48.26,51.3 2 0
github.com/kidandcat/colmena/store.go:54.2,56.16 3 1
github.com/kidandcat/colmena/store.go:56.16,59.3 2 0
github.com/kidandcat/colmena/store.go:60.2,67.8 2 1
github.com/kidandcat/colmena/store.go:71.61,75.16 4 1
github.com/kidandcat/colmena/store.go:75.16,77.3 1 1
github.com/kidandcat/colmena/store.go:78.2,80.66 3 1
github.com/kidandcat/colmena/store.go:84.71,88.16 4 1
github.com/kidandcat/colmena/store.go:88.16,90.3 1 0
github.com/kidandcat/colmena/store.go:91.2,94.29 3 1
github.com/kidandcat/colmena/store.go:94.29,96.17 2 1
github.com/kidandcat/colmena/store.go:96.17,98.4 1 1
github.com/kidandcat/colmena/store.go:99.3,101.68 3 1
github.com/kidandcat/colmena/store.go:104.2,104.36 1 1
github.com/kidandcat/colmena/store.go:104.36,106.3 1 0
github.com/kidandcat/colmena/store.go:107.2,107.21 1 1
github.com/kidandcat/colmena/store.go:111.70,115.2 3 1
github.com/kidandcat/colmena/store.go:120.45,129.83 5 1
github.com/kidandcat/colmena/store.go:129.83,131.3 1 0
github.com/kidandcat/colmena/store.go:133.2,134.16 2 1
github.com/kidandcat/colmena/store.go:134.16,136.3 1 0
github.com/kidandcat/colmena/store.go:137.2,139.41 2 1
github.com/kidandcat/colmena/store.go:139.41,141.3 1 0
github.com/kidandcat/colmena/store.go:142.2,142.12 1 1
github.com/kidandcat/colmena/store.go:146.44,156.16 6 1
github.com/kidandcat/colmena/store.go:156.16,158.3 1 0
github.com/kidandcat/colmena/store.go:159.2,159.41 1 1
github.com/kidandcat/colmena/store.go:159.41,162.3 2 0
github.com/kidandcat/colmena/store.go:163.2,171.16 5 1
github.com/kidandcat/colmena/store.go:171.16,173.3 1 0
github.com/kidandcat/colmena/store.go:174.2,176.12 3 1
github.com/kidandcat/colmena/store.go:179.31,183.41 4 1
github.com/kidandcat/colmena/store.go:183.41,185.3 1 0
github.com/kidandcat/colmena/store.go:186.2,186.60 1 1
github.com/kidandcat/colmena/store.go:186.60,188.3 1 0
github.com/kidandcat/colmena/store.go:189.2,189.17 1 1
github.com/kidandcat/colmena/store.go:200.67,206.2 1 1
github.com/kidandcat/colmena/store.go:210.58,212.34 2 1
github.com/kidandcat/colmena/store.go:212.34,215.3 2 1
github.com/kidandcat/colmena/store.go:216.2,222.34 4 1
github.com/kidandcat/colmena/store.go:222.34,224.3 1 0
github.com/kidandcat/colmena/store.go:226.2,228.16 3 1
github.com/kidandcat/colmena/store.go:228.16,230.3 1 0
github.com/kidandcat/colmena/store.go:231.2,232.15 2 1
github.com/kidandcat/colmena/store.go:237.53,243.34 4 1
github.com/kidandcat/colmena/store.go:243.34,245.43 2 1
github.com/kidandcat/colmena/store.go:245.43,248.4 2 0
github.com/kidandcat/colmena/store.go:249.3,255.45 3 1
github.com/kidandcat/colmena/store.go:255.45,258.4 2 0
github.com/kidandcat/colmena/store.go:259.3,259.43 1 1
github.com/kidandcat/colmena/store.go:259.43,262.4 2 0
github.com/kidandcat/colmena/store.go:264.2,264.19 1 1
github.com/kidandcat/colmena/store.go:269.52,274.31 3 1
github.com/kidandcat/colmena/store.go:274.31,276.3 1 0
github.com/kidandcat/colmena/store.go:277.2,281.6 3 1
github.com/kidandcat/colmena/store.go:281.6,283.20 2 1
github.com/kidandcat/colmena/store.go:283.20,284.9 1 1
github.com/kidandcat/colmena/store.go:286.3,286.17 1 1
github.com/kidandcat/colmena/store.go:286.17,288.4 1 0
github.com/kidandcat/colmena/store.go:291.3,299.17 6 1
github.com/kidandcat/colmena/store.go:299.17,301.4 1 0
github.com/kidandcat/colmena/store.go:302.3,302.43 1 1
github.com/kidandcat/colmena/store.go:302.43,305.4 2 0
github.com/kidandcat/colmena/store.go:306.3,306.12 1 1
github.com/kidandcat/colmena/store.go:310.2,311.16 2 1
github.com/kidandcat/colmena/store.go:311.16,313.3 1 0
github.com/kidandcat/colmena/store.go:314.2,314.28 1 1
github.com/kidandcat/colmena/store.go:314.28,315.55 1 1
github.com/kidandcat/colmena/store.go:315.55,316.12 1 0
github.com/kidandcat/colmena/store.go:319.3,319.28 1 1
github.com/kidandcat/colmena/store.go:319.28,320.12 1 0
github.com/kidandcat/colmena/store.go:322.3,325.17 4 1
github.com/kidandcat/colmena/store.go:325.17,327.4 1 0
github.com/kidandcat/colmena/store.go:328.3,328.22 1 1
github.com/kidandcat/colmena/store.go:331.2,331.12 1 1
github.com/kidandcat/colmena/store.go:335.39,339.31 4 1
github.com/kidandcat/colmena/store.go:339.31,340.55 1 1
github.com/kidandcat/colmena/store.go:340.55,342.4 1 0
github.com/kidandcat/colmena/store.go:344.2,344.17 1 1
github.com/kidandcat/colmena/store.go:349.56,351.2 1 1
